<?xml version="1.0" encoding="utf-8"?><testsuites name="pytest tests"><testsuite name="pytest" errors="0" failures="0" skipped="0" tests="102" time="17.078" timestamp="2026-08-29T10:52:06.450939+00:00" hostname="agent-env-5432ec6b-1ef8-4b21-a827-2cdc19903c95"><testcase classname="tests.backend_test.TestAuth" name="test_login_admin_sets_httponly_cookies" time="0.441" /><testcase classname="tests.backend_test.TestAuth" name="test_me_with_cookies" time="0.556" /><testcase classname="tests.backend_test.TestAuth" name="test_me_unauthenticated" time="0.143" /><testcase classname="tests.backend_test.TestEndToEndFlow" name="test_preview_cost_math" time="1.071" /><testcase classname="tests.backend_test.TestEndToEndFlow" name="test_gst_toggle_and_discount" time="0.069" /><testcase classname="tests.backend_test.TestEndToEndFlow" name="test_seasonal_surcharge" time="0.151" /><testcase classname="tests.backend_test.TestAuth" name="test_refresh" time="0.067" /><testcase classname="tests.backend_test.TestAuth" name="test_refresh_without_token" time="0.145" /><testcase classname="tests.backend_test.TestEndToEndFlow" name="test_create_itinerary" time="0.179" /><testcase classname="tests.backend_test.TestAuth" name="test_wrong_password" time="0.369" /><testcase classname="tests.backend_test.TestEndToEndFlow" name="test_patch_recomputes_costing" time="0.255" /><testcase classname="tests.backend_test.TestAuth" name="test_all_roles_login" time="1.116" /><testcase classname="tests.backend_test.TestEndToEndFlow" name="test_whatsapp_message" time="0.069" /><testcase classname="tests.backend_test.TestEndToEndFlow" name="test_public_share_no_auth" time="0.303" /><testcase classname="tests.backend_test.TestEndToEndFlow" name="test_public_share_bad_token" time="0.141" /><testcase classname="tests.backend_test.TestEndToEndFlow" name="test_proposal_email_preview" time="0.225" /><testcase classname="tests.backend_test.TestEndToEndFlow" name="test_itinerary_missing_404" time="0.069" /><testcase classname="tests.backend_test.TestEndToEndFlow" name="test_create_booking" time="0.073" /><testcase classname="tests.backend_test.TestEndToEndFlow" name="test_duplicate_booking_rejected" time="0.228" /><testcase classname="tests.backend_test.TestEndToEndFlow" name="test_booking_bad_itinerary_404" time="0.070" /><testcase classname="tests.backend_test.TestAuth" name="test_logout_clears_cookies" time="0.788" /><testcase classname="tests.backend_test.TestEndToEndFlow" name="test_vendor_status_update_persists" time="0.806" /><testcase classname="tests.backend_test.TestAuth" name="test_brute_force_lockout" time="2.531" /><testcase classname="tests.backend_test.TestEndToEndFlow" name="test_vendor_status_invalid" time="0.124" /><testcase classname="tests.backend_test.TestEndToEndFlow" name="test_vendor_conf_not_found" time="0.080" /><testcase classname="tests.backend_test.TestEndToEndFlow" name="test_vendor_message_and_email_preview" time="0.139" /><testcase classname="tests.backend_test.TestEndToEndFlow" name="test_booking_customer_message" time="0.068" /><testcase classname="tests.backend_test.TestEndToEndFlow" name="test_create_invoice_splits" time="0.445" /><testcase classname="tests.backend_test.TestEndToEndFlow" name="test_duplicate_invoice_rejected" time="0.079" /><testcase classname="tests.backend_test.TestEndToEndFlow" name="test_invoice_bad_booking_404" time="0.068" /><testcase classname="tests.backend_test.TestEndToEndFlow" name="test_negative_payment_rejected" time="0.073" /><testcase classname="tests.backend_test.TestEndToEndFlow" name="test_record_advance_payment" time="0.140" /><testcase classname="tests.backend_test.TestEndToEndFlow" name="test_receipt_email_preview" time="0.071" /><testcase classname="tests.backend_test.TestEndToEndFlow" name="test_reminder_email_preview" time="0.068" /><testcase classname="tests.backend_test.TestEndToEndFlow" name="test_invoice_whatsapp_message" time="0.070" /><testcase classname="tests.backend_test.TestEndToEndFlow" name="test_send_proposal_to_sink" time="0.301" /><testcase classname="tests.backend_test.TestEndToEndFlow" name="test_send_vendor_request" time="1.454" /><testcase classname="tests.backend_test.TestAuth" name="test_invalid_email_format_422" time="0.565" /><testcase classname="tests.test_round3_features.TestRouteMaster" name="test_seeded_routes_present" time="0.072" /><testcase classname="tests.test_round3_features.TestRouteMaster" name="test_lookup_returns_rich_description" time="0.067" /><testcase classname="tests.test_round3_features.TestRouteMaster" name="test_lookup_unknown_pair" time="0.110" /><testcase classname="tests.backend_test.TestEndToEndFlow" name="test_send_vendor_request_with_deliverable_email" time="0.361" /><testcase classname="tests.test_round3_features.TestRouteMaster" name="test_lookup_requires_params" time="0.115" /><testcase classname="tests.test_round3_features.TestRouteMaster" name="test_create_update_delete_route" time="0.511" /><testcase classname="tests.backend_test.TestEndToEndFlow" name="test_send_receipt" time="1.241" /><testcase classname="tests.test_round3_features.TestRouteMaster" name="test_create_route_validation" time="0.067" /><testcase classname="tests.test_round3_features.TestRouteMaster" name="test_patch_unknown_route_404" time="0.066" /><testcase classname="tests.test_round3_features.TestRouteMaster" name="test_routes_require_auth" time="0.139" /><testcase classname="tests.test_round3_features.TestRouteMaster" name="test_finance_cannot_create_route" time="0.442" /><testcase classname="tests.backend_test.TestVendors" name="test_seeded_hotels" time="0.070" /><testcase classname="tests.backend_test.TestVendors" name="test_seeded_vehicles" time="0.070" /><testcase classname="tests.backend_test.TestVendors" name="test_hotel_crud" time="0.383" /><testcase classname="tests.backend_test.TestEndToEndFlow" name="test_unknown_template" time="0.069" /><testcase classname="tests.backend_test.TestEndToEndFlow" name="test_email_requires_auth" time="0.140" /><testcase classname="tests.backend_test.TestEndToEndFlow" name="test_stats_consistency" time="0.070" /><testcase classname="tests.backend_test.TestEndToEndFlow" name="test_upcoming_departures_future_booking" time="0.250" /><testcase classname="tests.backend_test.TestVendors" name="test_hotel_validation" time="0.066" /><testcase classname="tests.backend_test.TestEndToEndFlow" name="test_stats_requires_auth" time="0.249" /><testcase classname="tests.backend_test.TestLeads" name="test_seeded_leads" time="0.070" /><testcase classname="tests.backend_test.TestVendors" name="test_vehicle_crud_ops_role" time="0.745" /><testcase classname="tests.backend_test.TestLeads" name="test_create_lead_and_persist" time="0.136" /><testcase classname="tests.backend_test.TestLeads" name="test_lead_status_transition_persists" time="0.179" /><testcase classname="tests.backend_test.TestVendors" name="test_vehicle_validation" time="0.066" /><testcase classname="tests.backend_test.TestLeads" name="test_invalid_status_rejected" time="0.109" /><testcase classname="tests.backend_test.TestVendors" name="test_patch_missing_hotel_404" time="0.066" /><testcase classname="tests.backend_test.TestLeads" name="test_lead_filters" time="0.137" /><testcase classname="tests.backend_test.TestVendors" name="test_hotel_search" time="0.473" /><testcase classname="tests.backend_test.TestLeads" name="test_get_missing_lead_404" time="0.070" /><testcase classname="tests.backend_test.TestLeads" name="test_welcome_email_preview" time="0.769" /><testcase classname="tests.test_round3_features.TestShareAndAccept" name="test_costing_saved_on_itinerary" time="0.563" /><testcase classname="tests.test_round3_features.TestShareAndAccept" name="test_lead_moved_to_proposal_sent" time="0.066" /><testcase classname="tests.test_round3_features.TestShareAndAccept" name="test_public_share_payload" time="0.265" /><testcase classname="tests.test_round3_features.TestShareAndAccept" name="test_share_unknown_token_404" time="0.147" /><testcase classname="tests.test_round3_features.TestShareAndAccept" name="test_accept_quote_sets_flags_and_lead_won" time="0.587" /><testcase classname="tests.test_round2_fixes.TestRound2" name="test_create_itinerary" time="0.651" /><testcase classname="tests.test_round2_fixes.TestRound2" name="test_money_rounds_half_up_in_message" time="0.110" /><testcase classname="tests.test_round2_fixes.TestRound2" name="test_create_booking_and_invoice" time="0.513" /><testcase classname="tests.test_round3_features.TestShareAndAccept" name="test_accept_is_idempotent" time="0.300" /><testcase classname="tests.test_round2_fixes.TestRound2" name="test_overpayment_rejected" time="0.140" /><testcase classname="tests.test_round2_fixes.TestRound2" name="test_valid_partial_then_overpayment_of_remainder" time="0.248" /><testcase classname="tests.test_round3_features.TestShareAndAccept" name="test_accept_unknown_token_404" time="0.357" /><testcase classname="tests.test_round2_fixes.TestRound2" name="test_delete_itinerary_cascades" time="0.316" /><testcase classname="tests.backend_test.TestRBAC" name="test_users_list_admin_only" time="0.138" /><testcase classname="tests.backend_test.TestRBAC" name="test_finance_cannot_create_lead" time="0.115" /><testcase classname="tests.backend_test.TestRBAC" name="test_finance_cannot_create_hotel" time="0.071" /><testcase classname="tests.test_round3_features.TestOccupancyCosting" name="test_seeded_room_matrix_fields" time="0.067" /><testcase classname="tests.test_round3_features.TestOccupancyCosting" name="test_three_adults_one_cwb" time="0.110" /><testcase classname="tests.test_round3_features.TestOccupancyCosting" name="test_two_adults_only" time="0.069" /><testcase classname="tests.test_round3_features.TestOccupancyCosting" name="test_single_occupancy_uses_single_rate" time="0.257" /><testcase classname="tests.test_round3_features.TestOccupancyCosting" name="test_cnb_and_meal_plans" time="0.138" /><testcase classname="tests.backend_test.TestRBAC" name="test_sales_cannot_record_payment" time="0.529" /><testcase classname="tests.test_round3_features.TestCompanySettings" name="test_get_and_update_whatsapp" time="0.527" /><testcase classname="tests.backend_test.TestRBAC" name="test_users_no_password_hash_leak" time="0.482" /><testcase classname="tests.test_round3_features.TestTermsTemplates" name="test_seeded_template" time="0.067" /><testcase classname="tests.test_round3_features.TestTermsTemplates" name="test_terms_crud" time="0.532" /><testcase classname="tests.test_round3_features.TestCompanySettings" name="test_non_admin_cannot_update" time="0.440" /><testcase classname="tests.test_round3_features.TestBranding" name="test_create_and_upsert_branding" time="0.650" /><testcase classname="tests.test_round3_features.TestTermsTemplates" name="test_terms_name_required" time="0.067" /><testcase classname="tests.test_round3_features.TestTermsTemplates" name="test_sales_cannot_write_terms" time="0.077" /><testcase classname="tests.test_round2_fixes.TestBruteForceXFF" name="test_lockout_by_xff" time="1.826" /><testcase classname="tests.test_round3_features.TestBranding" name="test_sector_required" time="0.067" /><testcase classname="tests.backend_test.TestHealth" name="test_root" time="1.314" /></testsuite></testsuites>