<?xml version="1.0" encoding="utf-8"?><testsuites name="pytest tests"><testsuite name="pytest" errors="0" failures="0" skipped="0" tests="73" time="11.552" timestamp="2026-08-29T09:00:53.109314+00:00" hostname="agent-env-5432ec6b-1ef8-4b21-a827-2cdc19903c95"><testcase classname="tests.backend_test.TestAuth" name="test_login_admin_sets_httponly_cookies" time="0.678" /><testcase classname="tests.backend_test.TestEndToEndFlow" name="test_preview_cost_math" time="0.770" /><testcase classname="tests.backend_test.TestEndToEndFlow" name="test_gst_toggle_and_discount" time="0.242" /><testcase classname="tests.backend_test.TestAuth" name="test_me_with_cookies" time="0.383" /><testcase classname="tests.backend_test.TestEndToEndFlow" name="test_seasonal_surcharge" time="0.049" /><testcase classname="tests.backend_test.TestAuth" name="test_me_unauthenticated" time="0.146" /><testcase classname="tests.backend_test.TestEndToEndFlow" name="test_create_itinerary" time="0.088" /><testcase classname="tests.backend_test.TestEndToEndFlow" name="test_patch_recomputes_costing" time="0.049" /><testcase classname="tests.backend_test.TestEndToEndFlow" name="test_whatsapp_message" time="0.045" /><testcase classname="tests.backend_test.TestAuth" name="test_refresh" time="0.046" /><testcase classname="tests.backend_test.TestEndToEndFlow" name="test_public_share_no_auth" time="0.098" /><testcase classname="tests.backend_test.TestAuth" name="test_refresh_without_token" time="0.102" /><testcase classname="tests.backend_test.TestEndToEndFlow" name="test_public_share_bad_token" time="0.095" /><testcase classname="tests.backend_test.TestAuth" name="test_wrong_password" time="0.361" /><testcase classname="tests.backend_test.TestEndToEndFlow" name="test_proposal_email_preview" time="0.237" /><testcase classname="tests.backend_test.TestEndToEndFlow" name="test_itinerary_missing_404" time="0.088" /><testcase classname="tests.backend_test.TestAuth" name="test_all_roles_login" time="1.131" /><testcase classname="tests.backend_test.TestEndToEndFlow" name="test_create_booking" time="0.048" /><testcase classname="tests.backend_test.TestEndToEndFlow" name="test_duplicate_booking_rejected" time="0.225" /><testcase classname="tests.backend_test.TestEndToEndFlow" name="test_booking_bad_itinerary_404" time="0.047" /><testcase classname="tests.backend_test.TestEndToEndFlow" name="test_vendor_status_update_persists" time="0.812" /><testcase classname="tests.backend_test.TestAuth" name="test_logout_clears_cookies" time="0.501" /><testcase classname="tests.backend_test.TestEndToEndFlow" name="test_vendor_status_invalid" time="0.043" /><testcase classname="tests.backend_test.TestEndToEndFlow" name="test_vendor_conf_not_found" time="0.224" /><testcase classname="tests.backend_test.TestEndToEndFlow" name="test_vendor_message_and_email_preview" time="0.088" /><testcase classname="tests.backend_test.TestEndToEndFlow" name="test_booking_customer_message" time="0.048" /><testcase classname="tests.backend_test.TestAuth" name="test_brute_force_lockout" time="1.744" /><testcase classname="tests.backend_test.TestEndToEndFlow" name="test_create_invoice_splits" time="0.397" /><testcase classname="tests.backend_test.TestEndToEndFlow" name="test_duplicate_invoice_rejected" time="0.090" /><testcase classname="tests.backend_test.TestEndToEndFlow" name="test_invoice_bad_booking_404" time="0.050" /><testcase classname="tests.backend_test.TestEndToEndFlow" name="test_negative_payment_rejected" time="0.056" /><testcase classname="tests.backend_test.TestEndToEndFlow" name="test_record_advance_payment" time="0.101" /><testcase classname="tests.backend_test.TestEndToEndFlow" name="test_receipt_email_preview" time="0.055" /><testcase classname="tests.backend_test.TestEndToEndFlow" name="test_reminder_email_preview" time="0.049" /><testcase classname="tests.backend_test.TestEndToEndFlow" name="test_invoice_whatsapp_message" time="0.051" /><testcase classname="tests.backend_test.TestEndToEndFlow" name="test_send_proposal_to_sink" time="0.300" /><testcase classname="tests.backend_test.TestEndToEndFlow" name="test_send_vendor_request" time="1.481" /><testcase classname="tests.backend_test.TestAuth" name="test_invalid_email_format_422" time="0.133" /><testcase classname="tests.backend_test.TestVendors" name="test_seeded_hotels" time="0.046" /><testcase classname="tests.backend_test.TestVendors" name="test_seeded_vehicles" time="0.049" /><testcase classname="tests.backend_test.TestVendors" name="test_hotel_crud" time="0.248" /><testcase classname="tests.backend_test.TestVendors" name="test_hotel_validation" time="0.046" /><testcase classname="tests.backend_test.TestVendors" name="test_vehicle_crud_ops_role" time="0.502" /><testcase classname="tests.backend_test.TestEndToEndFlow" name="test_send_vendor_request_with_deliverable_email" time="0.226" /><testcase classname="tests.backend_test.TestVendors" name="test_vehicle_validation" time="0.086" /><testcase classname="tests.backend_test.TestEndToEndFlow" name="test_send_receipt" time="1.343" /><testcase classname="tests.backend_test.TestVendors" name="test_patch_missing_hotel_404" time="0.047" /><testcase classname="tests.backend_test.TestVendors" name="test_hotel_search" time="0.047" /><testcase classname="tests.backend_test.TestLeads" name="test_seeded_leads" time="0.047" /><testcase classname="tests.backend_test.TestLeads" name="test_create_lead_and_persist" time="0.095" /><testcase classname="tests.backend_test.TestLeads" name="test_lead_status_transition_persists" time="0.094" /><testcase classname="tests.backend_test.TestLeads" name="test_invalid_status_rejected" time="0.047" /><testcase classname="tests.backend_test.TestLeads" name="test_lead_filters" time="0.091" /><testcase classname="tests.backend_test.TestLeads" name="test_get_missing_lead_404" time="0.052" /><testcase classname="tests.backend_test.TestLeads" name="test_welcome_email_preview" time="0.449" /><testcase classname="tests.backend_test.TestEndToEndFlow" name="test_unknown_template" time="0.046" /><testcase classname="tests.backend_test.TestEndToEndFlow" name="test_email_requires_auth" time="0.095" /><testcase classname="tests.test_round2_fixes.TestRound2" name="test_create_itinerary" time="0.472" /><testcase classname="tests.backend_test.TestEndToEndFlow" name="test_stats_consistency" time="0.087" /><testcase classname="tests.test_round2_fixes.TestRound2" name="test_money_rounds_half_up_in_message" time="0.044" /><testcase classname="tests.backend_test.TestEndToEndFlow" name="test_upcoming_departures_future_booking" time="0.379" /><testcase classname="tests.test_round2_fixes.TestRound2" name="test_create_booking_and_invoice" time="0.478" /><testcase classname="tests.backend_test.TestEndToEndFlow" name="test_stats_requires_auth" time="0.100" /><testcase classname="tests.test_round2_fixes.TestRound2" name="test_overpayment_rejected" time="0.106" /><testcase classname="tests.backend_test.TestRBAC" name="test_users_list_admin_only" time="0.136" /><testcase classname="tests.test_round2_fixes.TestRound2" name="test_valid_partial_then_overpayment_of_remainder" time="0.239" /><testcase classname="tests.backend_test.TestRBAC" name="test_finance_cannot_create_lead" time="0.098" /><testcase classname="tests.backend_test.TestRBAC" name="test_finance_cannot_create_hotel" time="0.048" /><testcase classname="tests.test_round2_fixes.TestRound2" name="test_delete_itinerary_cascades" time="0.409" /><testcase classname="tests.backend_test.TestRBAC" name="test_sales_cannot_record_payment" time="0.395" /><testcase classname="tests.backend_test.TestRBAC" name="test_users_no_password_hash_leak" time="0.607" /><testcase classname="tests.backend_test.TestHealth" name="test_root" time="0.655" /><testcase classname="tests.test_round2_fixes.TestBruteForceXFF" name="test_lockout_by_xff" time="1.557" /></testsuite></testsuites>