<?xml version="1.0" encoding="utf-8"?><testsuites name="pytest tests"><testsuite name="pytest" errors="0" failures="6" skipped="0" tests="126" time="75.611" timestamp="2026-08-29T16:40:03.936821+00:00" hostname="agent-env-5432ec6b-1ef8-4b21-a827-2cdc19903c95"><testcase classname="tests.backend_test.TestAuth" name="test_login_admin_sets_httponly_cookies" time="0.486" /><testcase classname="tests.backend_test.TestAuth" name="test_me_with_cookies" time="0.559" /><testcase classname="tests.backend_test.TestAuth" name="test_me_unauthenticated" time="0.156" /><testcase classname="tests.backend_test.TestEndToEndFlow" name="test_preview_cost_math" time="1.286" /><testcase classname="tests.backend_test.TestAuth" name="test_refresh" time="0.082" /><testcase classname="tests.backend_test.TestAuth" name="test_refresh_without_token" time="0.245" /><testcase classname="tests.backend_test.TestEndToEndFlow" name="test_gst_toggle_and_discount" time="0.082" /><testcase classname="tests.backend_test.TestEndToEndFlow" name="test_seasonal_surcharge" time="0.083" /><testcase classname="tests.backend_test.TestEndToEndFlow" name="test_create_itinerary" time="0.209" /><testcase classname="tests.backend_test.TestAuth" name="test_wrong_password" time="0.377" /><testcase classname="tests.backend_test.TestEndToEndFlow" name="test_patch_recomputes_costing" time="0.249" /><testcase classname="tests.backend_test.TestAuth" name="test_all_roles_login" time="1.156" /><testcase classname="tests.backend_test.TestEndToEndFlow" name="test_whatsapp_message" time="0.092" /><testcase classname="tests.backend_test.TestEndToEndFlow" name="test_public_share_no_auth" time="0.288" /><testcase classname="tests.backend_test.TestEndToEndFlow" name="test_public_share_bad_token" time="0.376" /><testcase classname="tests.backend_test.TestEndToEndFlow" name="test_proposal_email_preview" time="0.086" /><testcase classname="tests.backend_test.TestEndToEndFlow" name="test_itinerary_missing_404" time="0.304" /><testcase classname="tests.backend_test.TestEndToEndFlow" name="test_create_booking" time="0.087" /><testcase classname="tests.backend_test.TestAuth" name="test_logout_clears_cookies" time="0.613" /><testcase classname="tests.backend_test.TestEndToEndFlow" name="test_duplicate_booking_rejected" time="0.296" /><testcase classname="tests.backend_test.TestEndToEndFlow" name="test_booking_bad_itinerary_404" time="0.089" /><testcase classname="tests.backend_test.TestAuth" name="test_brute_force_lockout" time="2.980" /><testcase classname="tests.backend_test.TestEndToEndFlow" name="test_vendor_status_update_persists" time="0.592" /><testcase classname="tests.backend_test.TestEndToEndFlow" name="test_vendor_status_invalid" time="0.071" /><testcase classname="tests.backend_test.TestEndToEndFlow" name="test_vendor_conf_not_found" time="0.077" /><testcase classname="tests.backend_test.TestEndToEndFlow" name="test_vendor_message_and_email_preview" time="0.174" /><testcase classname="tests.backend_test.TestEndToEndFlow" name="test_booking_customer_message" time="0.084" /><testcase classname="tests.backend_test.TestEndToEndFlow" name="test_create_invoice_splits" time="0.721" /><testcase classname="tests.backend_test.TestEndToEndFlow" name="test_duplicate_invoice_rejected" time="0.080" /><testcase classname="tests.backend_test.TestEndToEndFlow" name="test_invoice_bad_booking_404" time="0.086" /><testcase classname="tests.backend_test.TestEndToEndFlow" name="test_negative_payment_rejected" time="0.092" /><testcase classname="tests.backend_test.TestEndToEndFlow" name="test_record_advance_payment" time="0.278" /><testcase classname="tests.backend_test.TestEndToEndFlow" name="test_receipt_email_preview" time="0.146" /><testcase classname="tests.backend_test.TestEndToEndFlow" name="test_reminder_email_preview" time="0.124" /><testcase classname="tests.backend_test.TestEndToEndFlow" name="test_invoice_whatsapp_message" time="0.094" /><testcase classname="tests.backend_test.TestEndToEndFlow" name="test_send_proposal_to_sink" time="0.352" /><testcase classname="tests.backend_test.TestEndToEndFlow" name="test_send_vendor_request" time="1.642" /><testcase classname="tests.backend_test.TestAuth" name="test_invalid_email_format_422" time="0.531" /><testcase classname="tests.test_round3_features.TestRouteMaster" name="test_seeded_routes_present" time="0.087" /><testcase classname="tests.test_round3_features.TestRouteMaster" name="test_lookup_returns_rich_description" time="0.073" /><testcase classname="tests.test_round3_features.TestRouteMaster" name="test_lookup_unknown_pair" time="0.077" /><testcase classname="tests.test_round3_features.TestRouteMaster" name="test_lookup_requires_params" time="0.072" /><testcase classname="tests.test_round3_features.TestRouteMaster" name="test_create_update_delete_route" time="0.554" /><testcase classname="tests.test_round3_features.TestRouteMaster" name="test_create_route_validation" time="0.070" /><testcase classname="tests.test_round3_features.TestRouteMaster" name="test_patch_unknown_route_404" time="0.076" /><testcase classname="tests.backend_test.TestEndToEndFlow" name="test_send_vendor_request_with_deliverable_email" time="0.436" /><testcase classname="tests.test_round3_features.TestRouteMaster" name="test_routes_require_auth" time="0.167" /><testcase classname="tests.backend_test.TestEndToEndFlow" name="test_send_receipt" time="1.322" /><testcase classname="tests.backend_test.TestEndToEndFlow" name="test_unknown_template" time="0.080" /><testcase classname="tests.backend_test.TestEndToEndFlow" name="test_email_requires_auth" time="30.179" /><testcase classname="tests.test_round3_features.TestRouteMaster" name="test_finance_cannot_create_route" time="30.499" /><testcase classname="tests.backend_test.TestVendors" name="test_seeded_hotels" time="0.075" /><testcase classname="tests.backend_test.TestVendors" name="test_seeded_vehicles" time="0.079" /><testcase classname="tests.backend_test.TestVendors" name="test_hotel_crud" time="0.370" /><testcase classname="tests.backend_test.TestVendors" name="test_hotel_validation" time="0.078" /><testcase classname="tests.backend_test.TestEndToEndFlow" name="test_stats_consistency" time="0.092" /><testcase classname="tests.backend_test.TestEndToEndFlow" name="test_upcoming_departures_future_booking" time="0.260" /><testcase classname="tests.backend_test.TestEndToEndFlow" name="test_stats_requires_auth" time="11.401" /><testcase classname="tests.backend_test.TestVendors" name="test_vehicle_crud_ops_role" time="7.886" /><testcase classname="tests.backend_test.TestVendors" name="test_vehicle_validation" time="0.077" /><testcase classname="tests.backend_test.TestVendors" name="test_patch_missing_hotel_404" time="0.073" /><testcase classname="tests.backend_test.TestVendors" name="test_hotel_search" time="2.564" /><testcase classname="tests.test_round3_features.TestShareAndAccept" name="test_costing_saved_on_itinerary" time="0.380"><failure message="assert 6800.0 == 6300">self = &lt;test_round3_features.TestShareAndAccept object at 0xff0176940510&gt;
admin = &lt;requests.sessions.Session object at 0xff017696edd0&gt;

    def test_costing_saved_on_itinerary(self, admin):
        itin = admin.get(f"{API}/itineraries/{STATE['itin_id']}", timeout=30).json()
&gt;       assert itin["costing"]["hotel_cost"] == 6300
E       assert 6800.0 == 6300

tests/test_round3_features.py:255: AssertionError</failure></testcase><testcase classname="tests.test_round3_features.TestShareAndAccept" name="test_lead_moved_to_proposal_sent" time="0.076" /><testcase classname="tests.test_round3_features.TestShareAndAccept" name="test_public_share_payload" time="0.160"><failure message="assert 8925.0 == 8268.75">self = &lt;test_round3_features.TestShareAndAccept object at 0xff0176941390&gt;

    def test_public_share_payload(self):
        r = requests.get(f"{API}/share/{STATE['token']}", timeout=30)
        assert r.status_code == 200, r.text
        d = r.json()
        assert d["destination"] == "Sikkim/Darjeeling"
&gt;       assert d["total"] == 8268.75
E       assert 8925.0 == 8268.75

tests/test_round3_features.py:267: AssertionError</failure></testcase><testcase classname="tests.test_round3_features.TestShareAndAccept" name="test_share_unknown_token_404" time="0.154" /><testcase classname="tests.test_round3_features.TestShareAndAccept" name="test_accept_quote_sets_flags_and_lead_won" time="5.632" /><testcase classname="tests.backend_test.TestLeads" name="test_seeded_leads" time="0.083" /><testcase classname="tests.backend_test.TestLeads" name="test_create_lead_and_persist" time="0.165" /><testcase classname="tests.backend_test.TestLeads" name="test_lead_status_transition_persists" time="0.161" /><testcase classname="tests.backend_test.TestLeads" name="test_invalid_status_rejected" time="0.083" /><testcase classname="tests.backend_test.TestLeads" name="test_lead_filters" time="0.160" /><testcase classname="tests.backend_test.TestLeads" name="test_get_missing_lead_404" time="0.081" /><testcase classname="tests.backend_test.TestLeads" name="test_welcome_email_preview" time="0.734" /><testcase classname="tests.test_round5_matrix.TestMatrixCosting" name="test_seeded_hotel_has_15_field_matrix" time="0.078" /><testcase classname="tests.test_round5_matrix.TestMatrixCosting" name="test_3adults_1cwb_by_plan[cp-5600]" time="0.161" /><testcase classname="tests.test_round5_matrix.TestMatrixCosting" name="test_3adults_1cwb_by_plan[map-6800]" time="0.161" /><testcase classname="tests.test_round5_matrix.TestMatrixCosting" name="test_3adults_1cwb_by_plan[ap-7900]" time="0.170" /><testcase classname="tests.test_round5_matrix.TestMatrixCosting" name="test_single_traveller_map_uses_map_single" time="0.160" /><testcase classname="tests.test_round5_matrix.TestMatrixCosting" name="test_goa_seeded_matrix_values" time="0.089" /><testcase classname="tests.test_round5_matrix.TestMatrixCosting" name="test_create_hotel_full_matrix_persists" time="0.317" /><testcase classname="tests.test_round2_fixes.TestRound2" name="test_create_itinerary" time="0.600" /><testcase classname="tests.test_round2_fixes.TestRound2" name="test_money_rounds_half_up_in_message" time="0.074" /><testcase classname="tests.test_round2_fixes.TestRound2" name="test_create_booking_and_invoice" time="0.530" /><testcase classname="tests.test_round2_fixes.TestRound2" name="test_overpayment_rejected" time="0.151" /><testcase classname="tests.test_round2_fixes.TestRound2" name="test_valid_partial_then_overpayment_of_remainder" time="0.222" /><testcase classname="tests.test_round2_fixes.TestRound2" name="test_delete_itinerary_cascades" time="0.327" /><testcase classname="tests.test_round4_features.TestRouteLookup" name="test_lookup_via_combo" time="0.085" /><testcase classname="tests.test_round3_features.TestShareAndAccept" name="test_accept_is_idempotent" time="0.318" /><testcase classname="tests.test_round4_features.TestRouteLookup" name="test_lookup_excursion_combo" time="0.078" /><testcase classname="tests.test_round4_features.TestRouteLookup" name="test_lookup_unknown_combo_auto_title" time="0.126" /><testcase classname="tests.test_round4_features.TestRouteLookup" name="test_lookup_missing_params_400" time="0.241" /><testcase classname="tests.test_round3_features.TestShareAndAccept" name="test_accept_unknown_token_404" time="0.421" /><testcase classname="tests.test_round4_features.TestRouteLookup" name="test_lookup_unauthenticated_401" time="0.151" /><testcase classname="tests.test_round4_features.TestRouteLookup" name="test_lookup_plain_transfer_no_via" time="0.129" /><testcase classname="tests.backend_test.TestRBAC" name="test_users_list_admin_only" time="0.145" /><testcase classname="tests.test_round3_features.TestOccupancyCosting" name="test_seeded_room_matrix_fields" time="0.088" /><testcase classname="tests.test_round3_features.TestOccupancyCosting" name="test_three_adults_one_cwb" time="0.122"><failure message="assert 6800.0 == 6300">self = &lt;test_round3_features.TestOccupancyCosting object at 0xfda5e5d7a7d0&gt;
admin = &lt;requests.sessions.Session object at 0xfda5e5df48d0&gt;

    def test_three_adults_one_cwb(self, admin):
        r = admin.post(f"{API}/itineraries/preview-cost", json=self._payload(3, 1), timeout=30)
        assert r.status_code == 200, r.text
        c = r.json()
&gt;       assert c["hotel_cost"] == 6300  # 4200 double + 1200 extra adult + 900 cwb
        ^^^^^^^^^^^^^^^^^^^^^^^^^^^^^^
E       assert 6800.0 == 6300

tests/test_round3_features.py:194: AssertionError</failure></testcase><testcase classname="tests.backend_test.TestRBAC" name="test_finance_cannot_create_lead" time="0.078" /><testcase classname="tests.backend_test.TestRBAC" name="test_finance_cannot_create_hotel" time="0.075" /><testcase classname="tests.test_round3_features.TestOccupancyCosting" name="test_two_adults_only" time="0.128" /><testcase classname="tests.test_round3_features.TestOccupancyCosting" name="test_single_occupancy_uses_single_rate" time="0.088"><failure message="assert 3400.0 == 2800">self = &lt;test_round3_features.TestOccupancyCosting object at 0xfda5e5d7b410&gt;
admin = &lt;requests.sessions.Session object at 0xfda5e5df48d0&gt;

    def test_single_occupancy_uses_single_rate(self, admin):
        c = admin.post(f"{API}/itineraries/preview-cost", json=self._payload(1), timeout=30).json()
&gt;       assert c["hotel_cost"] == 2800
E       assert 3400.0 == 2800

tests/test_round3_features.py:205: AssertionError</failure></testcase><testcase classname="tests.test_round3_features.TestOccupancyCosting" name="test_cnb_and_meal_plans" time="0.082"><failure message="assert 11500.0 == (((4800 * 2) + 900) + 400)">self = &lt;test_round3_features.TestOccupancyCosting object at 0xfda5e5d7ba50&gt;
admin = &lt;requests.sessions.Session object at 0xfda5e5df48d0&gt;

    def test_cnb_and_meal_plans(self, admin):
        c = admin.post(f"{API}/itineraries/preview-cost", json=self._payload(4, 1, 1, meal="ap"), timeout=30).json()
        # 2 pairs * 4800 + 900 cwb + 400 cnb
&gt;       assert c["hotel_cost"] == 4800 * 2 + 900 + 400
E       assert 11500.0 == (((4800 * 2) + 900) + 400)

tests/test_round3_features.py:210: AssertionError</failure></testcase><testcase classname="tests.test_round4_features.TestRouteCRUDNewFields" name="test_route_roundtrip" time="0.577" /><testcase classname="tests.test_round4_features.TestRouteCRUDNewFields" name="test_delete_unknown_route_404" time="0.078" /><testcase classname="tests.test_round4_features.TestRouteCRUDNewFields" name="test_finance_cannot_create_route" time="0.087" /><testcase classname="tests.test_round4_features.TestOccupancyExtras" name="test_preview_cost_extras" time="0.182"><failure message="assert 1500.0 == 1200">self = &lt;test_round4_features.TestOccupancyExtras object at 0xfda5e5d9ac10&gt;
admin = &lt;requests.sessions.Session object at 0xfda5e5df48d0&gt;

    def test_preview_cost_extras(self, admin):
        h, _ = _deluxe_hotel(admin)
        payload = {
            "adults": 3, "cwb": 1, "cnb": 1, "start_date": "2026-11-10",
            "days": [{"day": 1, "hotel_id": h["id"], "room_category": "Deluxe", "meal_plan": "map"}],
            "pricing": {"margin_pct": 25, "discount": 0, "gst_pct": 5, "gst_enabled": True},
        }
        r = admin.post(f"{API}/itineraries/preview-cost", json=payload, timeout=30)
        assert r.status_code == 200, r.text
        c = r.json()
&gt;       assert c["extra_bed_cost"] == 1200
E       assert 1500.0 == 1200

tests/test_round4_features.py:117: AssertionError</failure></testcase><testcase classname="tests.test_round4_features.TestOccupancyExtras" name="test_share_payload_has_no_internal_breakdown" time="11.674" /><testcase classname="tests.backend_test.TestRBAC" name="test_sales_cannot_record_payment" time="11.679" /><testcase classname="tests.backend_test.TestRBAC" name="test_users_no_password_hash_leak" time="0.491" /><testcase classname="tests.test_round3_features.TestTermsTemplates" name="test_seeded_template" time="0.081" /><testcase classname="tests.test_round3_features.TestTermsTemplates" name="test_terms_crud" time="0.363" /><testcase classname="tests.test_round3_features.TestTermsTemplates" name="test_terms_name_required" time="0.074" /><testcase classname="tests.test_round3_features.TestTermsTemplates" name="test_sales_cannot_write_terms" time="0.074" /><testcase classname="tests.test_round3_features.TestBranding" name="test_create_and_upsert_branding" time="0.995" /><testcase classname="tests.test_round4_features.TestOccupancyExtras" name="test_stays_grouping" time="0.565" /><testcase classname="tests.test_round3_features.TestCompanySettings" name="test_get_and_update_whatsapp" time="0.727" /><testcase classname="tests.test_round3_features.TestBranding" name="test_sector_required" time="0.080" /><testcase classname="tests.test_round5_matrix.TestMultiVehicle" name="test_two_vehicles_same_day_costing" time="0.416" /><testcase classname="tests.test_round5_matrix.TestMultiVehicle" name="test_booking_and_share_include_both_vehicles" time="1.150" /><testcase classname="tests.test_round3_features.TestCompanySettings" name="test_non_admin_cannot_update" time="0.568" /><testcase classname="tests.backend_test.TestHealth" name="test_root" time="0.784" /><testcase classname="tests.test_round2_fixes.TestBruteForceXFF" name="test_lockout_by_xff" time="1.666" /><testcase classname="tests.test_round4_features.TestShareDayFields" name="test_via_excursion_present_in_share_days" time="0.867" /><testcase classname="tests.test_round5_matrix.TestDemoPreserved" name="test_demo_share_token_alive" time="0.308" /><testcase classname="tests.test_round5_matrix.TestLegacyFallback" name="test_old_flat_schema_costs_via_fallback" time="0.394" /></testsuite></testsuites>